2020-10-21 08:06:14,221 - CPUUtilization.Percent:100.0|#Level:Host|#hostname:ip-172-31-42-157,timestamp:1603267574
2020-10-21 08:06:14,222 - DiskAvailable.Gigabytes:19.88080596923828|#Level:Host|#hostname:ip-172-31-42-157,timestamp:1603267574
2020-10-21 08:06:14,222 - DiskUsage.Gigabytes:76.98141098022461|#Level:Host|#hostname:ip-172-31-42-157,timestamp:1603267574
2020-10-21 08:06:14,223 - DiskUtilization.Percent:79.5|#Level:Host|#hostname:ip-172-31-42-157,timestamp:1603267574
2020-10-21 08:06:14,224 - MemoryAvailable.Megabytes:30062.19140625|#Level:Host|#hostname:ip-172-31-42-157,timestamp:1603267574
2020-10-21 08:06:14,225 - MemoryUsed.Megabytes:1246.796875|#Level:Host|#hostname:ip-172-31-42-157,timestamp:1603267574
2020-10-21 08:06:14,225 - MemoryUtilization.Percent:5.3|#Level:Host|#hostname:ip-172-31-42-157,timestamp:1603267574
2020-10-21 08:06:15,487 - W-9005-facenet_1.0.ms:1992|#Level:Host|#hostname:ip-172-31-42-157,timestamp:1603267575
2020-10-21 08:06:15,500 - W-9004-facenet_1.0.ms:2025|#Level:Host|#hostname:ip-172-31-42-157,timestamp:1603267575
2020-10-21 08:06:15,509 - W-9007-facenet_1.0.ms:1998|#Level:Host|#hostname:ip-172-31-42-157,timestamp:1603267575
2020-10-21 08:06:15,569 - W-9006-facenet_1.0.ms:2067|#Level:Host|#hostname:ip-172-31-42-157,timestamp:1603267575
2020-10-21 08:07:14,014 - CPUUtilization.Percent:0.0|#Level:Host|#hostname:ip-172-31-42-157,timestamp:1603267634
2020-10-21 08:07:14,014 - DiskAvailable.Gigabytes:19.880531311035156|#Level:Host|#hostname:ip-172-31-42-157,timestamp:1603267634
2020-10-21 08:07:14,015 - DiskUsage.Gigabytes:76.98168563842773|#Level:Host|#hostname:ip-172-31-42-157,timestamp:1603267634
2020-10-21 08:07:14,015 - DiskUtilization.Percent:79.5|#Level:Host|#hostname:ip-172-31-42-157,timestamp:1603267634
2020-10-21 08:07:14,015 - MemoryAvailable.Megabytes:29765.6484375|#Level:Host|#hostname:ip-172-31-42-157,timestamp:1603267634
2020-10-21 08:07:14,015 - MemoryUsed.Megabytes:1543.33984375|#Level:Host|#hostname:ip-172-31-42-157,timestamp:1603267634
2020-10-21 08:07:14,015 - MemoryUtilization.Percent:6.2|#Level:Host|#hostname:ip-172-31-42-157,timestamp:1603267634
2020-10-21 08:09:04,717 - CPUUtilization.Percent:0.0|#Level:Host|#hostname:ip-172-31-42-157,timestamp:1603267744
2020-10-21 08:09:04,724 - DiskAvailable.Gigabytes:19.835609436035156|#Level:Host|#hostname:ip-172-31-42-157,timestamp:1603267744
2020-10-21 08:09:04,725 - DiskUsage.Gigabytes:77.02660751342773|#Level:Host|#hostname:ip-172-31-42-157,timestamp:1603267744
2020-10-21 08:09:04,726 - DiskUtilization.Percent:79.5|#Level:Host|#hostname:ip-172-31-42-157,timestamp:1603267744
2020-10-21 08:09:04,727 - MemoryAvailable.Megabytes:29319.3359375|#Level:Host|#hostname:ip-172-31-42-157,timestamp:1603267744
2020-10-21 08:09:04,728 - MemoryUsed.Megabytes:1989.65234375|#Level:Host|#hostname:ip-172-31-42-157,timestamp:1603267744
2020-10-21 08:09:04,730 - MemoryUtilization.Percent:7.6|#Level:Host|#hostname:ip-172-31-42-157,timestamp:1603267744
2020-10-21 08:09:06,411 - W-9006-facenet_1.0.ms:2336|#Level:Host|#hostname:ip-172-31-42-157,timestamp:1603267746
2020-10-21 08:09:06,430 - W-9005-facenet_1.0.ms:2360|#Level:Host|#hostname:ip-172-31-42-157,timestamp:1603267746
2020-10-21 08:09:06,539 - W-9004-facenet_1.0.ms:2485|#Level:Host|#hostname:ip-172-31-42-157,timestamp:1603267746
2020-10-21 08:09:06,663 - W-9007-facenet_1.0.ms:2581|#Level:Host|#hostname:ip-172-31-42-157,timestamp:1603267746
2020-10-21 08:15:15,782 - CPUUtilization.Percent:0.0|#Level:Host|#hostname:ip-172-31-42-157,timestamp:1603268115
2020-10-21 08:15:15,800 - DiskAvailable.Gigabytes:19.788307189941406|#Level:Host|#hostname:ip-172-31-42-157,timestamp:1603268115
2020-10-21 08:15:15,801 - DiskUsage.Gigabytes:77.07390975952148|#Level:Host|#hostname:ip-172-31-42-157,timestamp:1603268115
2020-10-21 08:15:15,803 - DiskUtilization.Percent:79.6|#Level:Host|#hostname:ip-172-31-42-157,timestamp:1603268115
2020-10-21 08:15:15,804 - MemoryAvailable.Megabytes:30083.0|#Level:Host|#hostname:ip-172-31-42-157,timestamp:1603268115
2020-10-21 08:15:15,805 - MemoryUsed.Megabytes:1226.234375|#Level:Host|#hostname:ip-172-31-42-157,timestamp:1603268115
2020-10-21 08:15:15,806 - MemoryUtilization.Percent:5.2|#Level:Host|#hostname:ip-172-31-42-157,timestamp:1603268115
2020-10-21 08:15:17,959 - W-9005-facenet_1.0.ms:2808|#Level:Host|#hostname:ip-172-31-42-157,timestamp:1603268117
2020-10-21 08:15:18,039 - W-9007-facenet_1.0.ms:2871|#Level:Host|#hostname:ip-172-31-42-157,timestamp:1603268118
2020-10-21 08:15:18,118 - W-9006-facenet_1.0.ms:2960|#Level:Host|#hostname:ip-172-31-42-157,timestamp:1603268118
2020-10-21 08:15:18,263 - W-9004-facenet_1.0.ms:3137|#Level:Host|#hostname:ip-172-31-42-157,timestamp:1603268118
2020-10-21 08:15:18,363 - W-9003-places365_1.0.ms:3353|#Level:Host|#hostname:ip-172-31-42-157,timestamp:1603268118
2020-10-21 08:15:18,476 - W-9002-places365_1.0.ms:3469|#Level:Host|#hostname:ip-172-31-42-157,timestamp:1603268118
2020-10-21 08:15:18,562 - W-9001-places365_1.0.ms:3555|#Level:Host|#hostname:ip-172-31-42-157,timestamp:1603268118
2020-10-21 08:15:18,575 - W-9000-places365_1.0.ms:3571|#Level:Host|#hostname:ip-172-31-42-157,timestamp:1603268118
2020-10-21 08:16:15,591 - CPUUtilization.Percent:0.0|#Level:Host|#hostname:ip-172-31-42-157,timestamp:1603268175
2020-10-21 08:16:15,591 - DiskAvailable.Gigabytes:19.78826141357422|#Level:Host|#hostname:ip-172-31-42-157,timestamp:1603268175
2020-10-21 08:16:15,592 - DiskUsage.Gigabytes:77.07395553588867|#Level:Host|#hostname:ip-172-31-42-157,timestamp:1603268175
2020-10-21 08:16:15,592 - DiskUtilization.Percent:79.6|#Level:Host|#hostname:ip-172-31-42-157,timestamp:1603268175
2020-10-21 08:16:15,592 - MemoryAvailable.Megabytes:29327.91015625|#Level:Host|#hostname:ip-172-31-42-157,timestamp:1603268175
2020-10-21 08:16:15,592 - MemoryUsed.Megabytes:1981.078125|#Level:Host|#hostname:ip-172-31-42-157,timestamp:1603268175
2020-10-21 08:16:15,593 - MemoryUtilization.Percent:7.6|#Level:Host|#hostname:ip-172-31-42-157,timestamp:1603268175
2020-10-21 08:16:43,771 - Requests5XX.Count:1|#Level:Host|#hostname:ip-172-31-42-157,timestamp:null
2020-10-21 08:17:15,589 - CPUUtilization.Percent:0.0|#Level:Host|#hostname:ip-172-31-42-157,timestamp:1603268235
2020-10-21 08:17:15,590 - DiskAvailable.Gigabytes:19.788204193115234|#Level:Host|#hostname:ip-172-31-42-157,timestamp:1603268235
2020-10-21 08:17:15,590 - DiskUsage.Gigabytes:77.07401275634766|#Level:Host|#hostname:ip-172-31-42-157,timestamp:1603268235
2020-10-21 08:17:15,590 - DiskUtilization.Percent:79.6|#Level:Host|#hostname:ip-172-31-42-157,timestamp:1603268235
2020-10-21 08:17:15,590 - MemoryAvailable.Megabytes:29218.87890625|#Level:Host|#hostname:ip-172-31-42-157,timestamp:1603268235
2020-10-21 08:17:15,591 - MemoryUsed.Megabytes:2090.109375|#Level:Host|#hostname:ip-172-31-42-157,timestamp:1603268235
2020-10-21 08:17:15,591 - MemoryUtilization.Percent:7.9|#Level:Host|#hostname:ip-172-31-42-157,timestamp:1603268235
2020-10-21 08:20:38,287 - CPUUtilization.Percent:0.0|#Level:Host|#hostname:ip-172-31-42-157,timestamp:1603268438
2020-10-21 08:20:38,288 - DiskAvailable.Gigabytes:19.74344253540039|#Level:Host|#hostname:ip-172-31-42-157,timestamp:1603268438
2020-10-21 08:20:38,289 - DiskUsage.Gigabytes:77.1187744140625|#Level:Host|#hostname:ip-172-31-42-157,timestamp:1603268438
2020-10-21 08:20:38,289 - DiskUtilization.Percent:79.6|#Level:Host|#hostname:ip-172-31-42-157,timestamp:1603268438
2020-10-21 08:20:38,290 - MemoryAvailable.Megabytes:29980.359375|#Level:Host|#hostname:ip-172-31-42-157,timestamp:1603268438
2020-10-21 08:20:38,290 - MemoryUsed.Megabytes:1328.62890625|#Level:Host|#hostname:ip-172-31-42-157,timestamp:1603268438
2020-10-21 08:20:38,291 - MemoryUtilization.Percent:5.5|#Level:Host|#hostname:ip-172-31-42-157,timestamp:1603268438
2020-10-21 08:20:40,347 - W-9006-facenet_1.0.ms:2800|#Level:Host|#hostname:ip-172-31-42-157,timestamp:1603268440
2020-10-21 08:20:40,418 - W-9007-facenet_1.0.ms:2863|#Level:Host|#hostname:ip-172-31-42-157,timestamp:1603268440
2020-10-21 08:20:40,474 - W-9005-facenet_1.0.ms:2933|#Level:Host|#hostname:ip-172-31-42-157,timestamp:1603268440
2020-10-21 08:20:40,648 - W-9004-facenet_1.0.ms:3133|#Level:Host|#hostname:ip-172-31-42-157,timestamp:1603268440
2020-10-21 08:20:40,885 - W-9001-places365_1.0.ms:3479|#Level:Host|#hostname:ip-172-31-42-157,timestamp:1603268440
2020-10-21 08:20:40,906 - W-9002-places365_1.0.ms:3500|#Level:Host|#hostname:ip-172-31-42-157,timestamp:1603268440
2020-10-21 08:20:41,023 - W-9000-places365_1.0.ms:3620|#Level:Host|#hostname:ip-172-31-42-157,timestamp:1603268441
2020-10-21 08:20:41,042 - W-9003-places365_1.0.ms:3636|#Level:Host|#hostname:ip-172-31-42-157,timestamp:1603268441
2020-10-21 08:20:46,066 - Requests5XX.Count:1|#Level:Host|#hostname:ip-172-31-42-157,timestamp:null
2020-10-21 08:21:38,102 - CPUUtilization.Percent:0.0|#Level:Host|#hostname:ip-172-31-42-157,timestamp:1603268498
2020-10-21 08:21:38,103 - DiskAvailable.Gigabytes:19.743408203125|#Level:Host|#hostname:ip-172-31-42-157,timestamp:1603268498
2020-10-21 08:21:38,104 - DiskUsage.Gigabytes:77.11880874633789|#Level:Host|#hostname:ip-172-31-42-157,timestamp:1603268498
2020-10-21 08:21:38,104 - DiskUtilization.Percent:79.6|#Level:Host|#hostname:ip-172-31-42-157,timestamp:1603268498
2020-10-21 08:21:38,104 - MemoryAvailable.Megabytes:29213.93359375|#Level:Host|#hostname:ip-172-31-42-157,timestamp:1603268498
2020-10-21 08:21:38,104 - MemoryUsed.Megabytes:2095.0546875|#Level:Host|#hostname:ip-172-31-42-157,timestamp:1603268498
2020-10-21 08:21:38,105 - MemoryUtilization.Percent:8.0|#Level:Host|#hostname:ip-172-31-42-157,timestamp:1603268498
2020-10-21 08:22:38,102 - CPUUtilization.Percent:0.0|#Level:Host|#hostname:ip-172-31-42-157,timestamp:1603268558
2020-10-21 08:22:38,103 - DiskAvailable.Gigabytes:19.743408203125|#Level:Host|#hostname:ip-172-31-42-157,timestamp:1603268558
2020-10-21 08:22:38,103 - DiskUsage.Gigabytes:77.11880874633789|#Level:Host|#hostname:ip-172-31-42-157,timestamp:1603268558
2020-10-21 08:22:38,103 - DiskUtilization.Percent:79.6|#Level:Host|#hostname:ip-172-31-42-157,timestamp:1603268558
2020-10-21 08:22:38,103 - MemoryAvailable.Megabytes:29212.890625|#Level:Host|#hostname:ip-172-31-42-157,timestamp:1603268558
2020-10-21 08:22:38,103 - MemoryUsed.Megabytes:2096.09765625|#Level:Host|#hostname:ip-172-31-42-157,timestamp:1603268558
2020-10-21 08:22:38,104 - MemoryUtilization.Percent:8.0|#Level:Host|#hostname:ip-172-31-42-157,timestamp:1603268558
2020-10-21 08:23:38,102 - CPUUtilization.Percent:0.0|#Level:Host|#hostname:ip-172-31-42-157,timestamp:1603268618
2020-10-21 08:23:38,102 - DiskAvailable.Gigabytes:19.743404388427734|#Level:Host|#hostname:ip-172-31-42-157,timestamp:1603268618
2020-10-21 08:23:38,103 - DiskUsage.Gigabytes:77.11881256103516|#Level:Host|#hostname:ip-172-31-42-157,timestamp:1603268618
2020-10-21 08:23:38,103 - DiskUtilization.Percent:79.6|#Level:Host|#hostname:ip-172-31-42-157,timestamp:1603268618
2020-10-21 08:23:38,103 - MemoryAvailable.Megabytes:29211.93359375|#Level:Host|#hostname:ip-172-31-42-157,timestamp:1603268618
2020-10-21 08:23:38,104 - MemoryUsed.Megabytes:2097.0546875|#Level:Host|#hostname:ip-172-31-42-157,timestamp:1603268618
2020-10-21 08:23:38,104 - MemoryUtilization.Percent:8.0|#Level:Host|#hostname:ip-172-31-42-157,timestamp:1603268618
2020-10-21 08:24:38,101 - CPUUtilization.Percent:0.0|#Level:Host|#hostname:ip-172-31-42-157,timestamp:1603268678
2020-10-21 08:24:38,102 - DiskAvailable.Gigabytes:19.743404388427734|#Level:Host|#hostname:ip-172-31-42-157,timestamp:1603268678
2020-10-21 08:24:38,102 - DiskUsage.Gigabytes:77.11881256103516|#Level:Host|#hostname:ip-172-31-42-157,timestamp:1603268678
2020-10-21 08:24:38,102 - DiskUtilization.Percent:79.6|#Level:Host|#hostname:ip-172-31-42-157,timestamp:1603268678
2020-10-21 08:24:38,102 - MemoryAvailable.Megabytes:29211.4609375|#Level:Host|#hostname:ip-172-31-42-157,timestamp:1603268678
2020-10-21 08:24:38,102 - MemoryUsed.Megabytes:2097.52734375|#Level:Host|#hostname:ip-172-31-42-157,timestamp:1603268678
2020-10-21 08:24:38,102 - MemoryUtilization.Percent:8.0|#Level:Host|#hostname:ip-172-31-42-157,timestamp:1603268678
2020-10-21 08:25:38,102 - CPUUtilization.Percent:0.0|#Level:Host|#hostname:ip-172-31-42-157,timestamp:1603268738
2020-10-21 08:25:38,102 - DiskAvailable.Gigabytes:19.743396759033203|#Level:Host|#hostname:ip-172-31-42-157,timestamp:1603268738
2020-10-21 08:25:38,102 - DiskUsage.Gigabytes:77.11882019042969|#Level:Host|#hostname:ip-172-31-42-157,timestamp:1603268738
2020-10-21 08:25:38,102 - DiskUtilization.Percent:79.6|#Level:Host|#hostname:ip-172-31-42-157,timestamp:1603268738
2020-10-21 08:25:38,102 - MemoryAvailable.Megabytes:29209.59375|#Level:Host|#hostname:ip-172-31-42-157,timestamp:1603268738
2020-10-21 08:25:38,103 - MemoryUsed.Megabytes:2099.39453125|#Level:Host|#hostname:ip-172-31-42-157,timestamp:1603268738
2020-10-21 08:25:38,103 - MemoryUtilization.Percent:8.0|#Level:Host|#hostname:ip-172-31-42-157,timestamp:1603268738
2020-10-21 08:25:46,470 - Requests2XX.Count:1|#Level:Host|#hostname:ip-172-31-42-157,timestamp:null
2020-10-21 08:26:05,915 - Requests2XX.Count:1|#Level:Host|#hostname:ip-172-31-42-157,timestamp:null
2020-10-21 08:26:38,103 - CPUUtilization.Percent:0.0|#Level:Host|#hostname:ip-172-31-42-157,timestamp:1603268798
2020-10-21 08:26:38,103 - DiskAvailable.Gigabytes:19.743389129638672|#Level:Host|#hostname:ip-172-31-42-157,timestamp:1603268798
2020-10-21 08:26:38,103 - DiskUsage.Gigabytes:77.11882781982422|#Level:Host|#hostname:ip-172-31-42-157,timestamp:1603268798
2020-10-21 08:26:38,103 - DiskUtilization.Percent:79.6|#Level:Host|#hostname:ip-172-31-42-157,timestamp:1603268798
2020-10-21 08:26:38,103 - MemoryAvailable.Megabytes:29200.6796875|#Level:Host|#hostname:ip-172-31-42-157,timestamp:1603268798
2020-10-21 08:26:38,104 - MemoryUsed.Megabytes:2108.30859375|#Level:Host|#hostname:ip-172-31-42-157,timestamp:1603268798
2020-10-21 08:26:38,104 - MemoryUtilization.Percent:8.0|#Level:Host|#hostname:ip-172-31-42-157,timestamp:1603268798
2020-10-21 08:26:42,825 - Requests2XX.Count:1|#Level:Host|#hostname:ip-172-31-42-157,timestamp:null
2020-10-21 08:26:46,959 - Requests4XX.Count:1|#Level:Host|#hostname:ip-172-31-42-157,timestamp:null
2020-10-21 08:26:54,240 - Requests2XX.Count:1|#Level:Host|#hostname:ip-172-31-42-157,timestamp:null
2020-10-21 08:27:00,063 - Requests2XX.Count:1|#Level:Host|#hostname:ip-172-31-42-157,timestamp:null
2020-10-21 08:27:30,584 - Requests5XX.Count:1|#Level:Host|#hostname:ip-172-31-42-157,timestamp:null
2020-10-21 08:27:38,101 - CPUUtilization.Percent:0.0|#Level:Host|#hostname:ip-172-31-42-157,timestamp:1603268858
2020-10-21 08:27:38,102 - DiskAvailable.Gigabytes:19.743377685546875|#Level:Host|#hostname:ip-172-31-42-157,timestamp:1603268858
2020-10-21 08:27:38,102 - DiskUsage.Gigabytes:77.11883926391602|#Level:Host|#hostname:ip-172-31-42-157,timestamp:1603268858
2020-10-21 08:27:38,103 - DiskUtilization.Percent:79.6|#Level:Host|#hostname:ip-172-31-42-157,timestamp:1603268858
2020-10-21 08:27:38,103 - MemoryAvailable.Megabytes:28905.6484375|#Level:Host|#hostname:ip-172-31-42-157,timestamp:1603268858
2020-10-21 08:27:38,103 - MemoryUsed.Megabytes:2403.33984375|#Level:Host|#hostname:ip-172-31-42-157,timestamp:1603268858
2020-10-21 08:27:38,103 - MemoryUtilization.Percent:8.9|#Level:Host|#hostname:ip-172-31-42-157,timestamp:1603268858
2020-10-21 08:28:38,103 - CPUUtilization.Percent:0.0|#Level:Host|#hostname:ip-172-31-42-157,timestamp:1603268918
2020-10-21 08:28:38,103 - DiskAvailable.Gigabytes:19.74337387084961|#Level:Host|#hostname:ip-172-31-42-157,timestamp:1603268918
2020-10-21 08:28:38,103 - DiskUsage.Gigabytes:77.11884307861328|#Level:Host|#hostname:ip-172-31-42-157,timestamp:1603268918
2020-10-21 08:28:38,103 - DiskUtilization.Percent:79.6|#Level:Host|#hostname:ip-172-31-42-157,timestamp:1603268918
2020-10-21 08:28:38,103 - MemoryAvailable.Megabytes:28851.41796875|#Level:Host|#hostname:ip-172-31-42-157,timestamp:1603268918
2020-10-21 08:28:38,103 - MemoryUsed.Megabytes:2457.56640625|#Level:Host|#hostname:ip-172-31-42-157,timestamp:1603268918
2020-10-21 08:28:38,104 - MemoryUtilization.Percent:9.1|#Level:Host|#hostname:ip-172-31-42-157,timestamp:1603268918
2020-10-21 08:29:45,106 - CPUUtilization.Percent:0.0|#Level:Host|#hostname:ip-172-31-42-157,timestamp:1603268985
2020-10-21 08:29:45,107 - DiskAvailable.Gigabytes:19.698604583740234|#Level:Host|#hostname:ip-172-31-42-157,timestamp:1603268985
2020-10-21 08:29:45,108 - DiskUsage.Gigabytes:77.16361236572266|#Level:Host|#hostname:ip-172-31-42-157,timestamp:1603268985
2020-10-21 08:29:45,109 - DiskUtilization.Percent:79.7|#Level:Host|#hostname:ip-172-31-42-157,timestamp:1603268985
2020-10-21 08:29:45,109 - MemoryAvailable.Megabytes:30065.50390625|#Level:Host|#hostname:ip-172-31-42-157,timestamp:1603268985
2020-10-21 08:29:45,110 - MemoryUsed.Megabytes:1243.73046875|#Level:Host|#hostname:ip-172-31-42-157,timestamp:1603268985
2020-10-21 08:29:45,110 - MemoryUtilization.Percent:5.3|#Level:Host|#hostname:ip-172-31-42-157,timestamp:1603268985
2020-10-21 08:29:47,411 - W-9006-facenet_1.0.ms:2943|#Level:Host|#hostname:ip-172-31-42-157,timestamp:1603268987
2020-10-21 08:29:47,423 - W-9005-facenet_1.0.ms:2964|#Level:Host|#hostname:ip-172-31-42-157,timestamp:1603268987
2020-10-21 08:29:47,434 - W-9004-facenet_1.0.ms:2989|#Level:Host|#hostname:ip-172-31-42-157,timestamp:1603268987
2020-10-21 08:29:47,458 - W-9007-facenet_1.0.ms:2979|#Level:Host|#hostname:ip-172-31-42-157,timestamp:1603268987
2020-10-21 08:29:47,824 - W-9003-places365_1.0.ms:3509|#Level:Host|#hostname:ip-172-31-42-157,timestamp:1603268987
2020-10-21 08:29:47,870 - W-9002-places365_1.0.ms:3555|#Level:Host|#hostname:ip-172-31-42-157,timestamp:1603268987
2020-10-21 08:29:47,876 - W-9000-places365_1.0.ms:3567|#Level:Host|#hostname:ip-172-31-42-157,timestamp:1603268987
2020-10-21 08:29:47,893 - W-9001-places365_1.0.ms:3580|#Level:Host|#hostname:ip-172-31-42-157,timestamp:1603268987
2020-10-21 08:30:19,744 - Requests4XX.Count:1|#Level:Host|#hostname:ip-172-31-42-157,timestamp:null
2020-10-21 08:30:42,105 - Requests2XX.Count:1|#Level:Host|#hostname:ip-172-31-42-157,timestamp:null
2020-10-21 08:30:44,880 - CPUUtilization.Percent:0.0|#Level:Host|#hostname:ip-172-31-42-157,timestamp:1603269044
2020-10-21 08:30:44,880 - DiskAvailable.Gigabytes:19.698558807373047|#Level:Host|#hostname:ip-172-31-42-157,timestamp:1603269044
2020-10-21 08:30:44,880 - DiskUsage.Gigabytes:77.16365814208984|#Level:Host|#hostname:ip-172-31-42-157,timestamp:1603269044
2020-10-21 08:30:44,881 - DiskUtilization.Percent:79.7|#Level:Host|#hostname:ip-172-31-42-157,timestamp:1603269044
2020-10-21 08:30:44,881 - MemoryAvailable.Megabytes:29272.39453125|#Level:Host|#hostname:ip-172-31-42-157,timestamp:1603269044
2020-10-21 08:30:44,881 - MemoryUsed.Megabytes:2036.59375|#Level:Host|#hostname:ip-172-31-42-157,timestamp:1603269044
2020-10-21 08:30:44,881 - MemoryUtilization.Percent:7.8|#Level:Host|#hostname:ip-172-31-42-157,timestamp:1603269044
2020-10-21 08:31:44,876 - CPUUtilization.Percent:0.0|#Level:Host|#hostname:ip-172-31-42-157,timestamp:1603269104
2020-10-21 08:31:44,877 - DiskAvailable.Gigabytes:19.698558807373047|#Level:Host|#hostname:ip-172-31-42-157,timestamp:1603269104
2020-10-21 08:31:44,877 - DiskUsage.Gigabytes:77.16365814208984|#Level:Host|#hostname:ip-172-31-42-157,timestamp:1603269104
2020-10-21 08:31:44,877 - DiskUtilization.Percent:79.7|#Level:Host|#hostname:ip-172-31-42-157,timestamp:1603269104
2020-10-21 08:31:44,877 - MemoryAvailable.Megabytes:29268.8359375|#Level:Host|#hostname:ip-172-31-42-157,timestamp:1603269104
2020-10-21 08:31:44,878 - MemoryUsed.Megabytes:2040.1484375|#Level:Host|#hostname:ip-172-31-42-157,timestamp:1603269104
2020-10-21 08:31:44,878 - MemoryUtilization.Percent:7.8|#Level:Host|#hostname:ip-172-31-42-157,timestamp:1603269104
2020-10-21 08:32:44,875 - CPUUtilization.Percent:0.0|#Level:Host|#hostname:ip-172-31-42-157,timestamp:1603269164
2020-10-21 08:32:44,875 - DiskAvailable.Gigabytes:19.698558807373047|#Level:Host|#hostname:ip-172-31-42-157,timestamp:1603269164
2020-10-21 08:32:44,876 - DiskUsage.Gigabytes:77.16365814208984|#Level:Host|#hostname:ip-172-31-42-157,timestamp:1603269164
2020-10-21 08:32:44,876 - DiskUtilization.Percent:79.7|#Level:Host|#hostname:ip-172-31-42-157,timestamp:1603269164
2020-10-21 08:32:44,876 - MemoryAvailable.Megabytes:29267.65625|#Level:Host|#hostname:ip-172-31-42-157,timestamp:1603269164
2020-10-21 08:32:44,876 - MemoryUsed.Megabytes:2041.33203125|#Level:Host|#hostname:ip-172-31-42-157,timestamp:1603269164
2020-10-21 08:32:44,877 - MemoryUtilization.Percent:7.8|#Level:Host|#hostname:ip-172-31-42-157,timestamp:1603269164
2020-10-21 08:33:44,875 - CPUUtilization.Percent:0.0|#Level:Host|#hostname:ip-172-31-42-157,timestamp:1603269224
2020-10-21 08:33:44,875 - DiskAvailable.Gigabytes:19.69855499267578|#Level:Host|#hostname:ip-172-31-42-157,timestamp:1603269224
2020-10-21 08:33:44,876 - DiskUsage.Gigabytes:77.16366195678711|#Level:Host|#hostname:ip-172-31-42-157,timestamp:1603269224
2020-10-21 08:33:44,876 - DiskUtilization.Percent:79.7|#Level:Host|#hostname:ip-172-31-42-157,timestamp:1603269224
2020-10-21 08:33:44,876 - MemoryAvailable.Megabytes:29267.6171875|#Level:Host|#hostname:ip-172-31-42-157,timestamp:1603269224
2020-10-21 08:33:44,876 - MemoryUsed.Megabytes:2041.37109375|#Level:Host|#hostname:ip-172-31-42-157,timestamp:1603269224
2020-10-21 08:33:44,876 - MemoryUtilization.Percent:7.8|#Level:Host|#hostname:ip-172-31-42-157,timestamp:1603269224
2020-10-21 08:34:44,878 - CPUUtilization.Percent:0.0|#Level:Host|#hostname:ip-172-31-42-157,timestamp:1603269284
2020-10-21 08:34:44,879 - DiskAvailable.Gigabytes:19.698551177978516|#Level:Host|#hostname:ip-172-31-42-157,timestamp:1603269284
2020-10-21 08:34:44,879 - DiskUsage.Gigabytes:77.16366577148438|#Level:Host|#hostname:ip-172-31-42-157,timestamp:1603269284
2020-10-21 08:34:44,879 - DiskUtilization.Percent:79.7|#Level:Host|#hostname:ip-172-31-42-157,timestamp:1603269284
2020-10-21 08:34:44,879 - MemoryAvailable.Megabytes:29267.6875|#Level:Host|#hostname:ip-172-31-42-157,timestamp:1603269284
2020-10-21 08:34:44,879 - MemoryUsed.Megabytes:2041.30078125|#Level:Host|#hostname:ip-172-31-42-157,timestamp:1603269284
2020-10-21 08:34:44,880 - MemoryUtilization.Percent:7.8|#Level:Host|#hostname:ip-172-31-42-157,timestamp:1603269284
2020-10-21 08:34:46,155 - Requests2XX.Count:1|#Level:Host|#hostname:ip-172-31-42-157,timestamp:null
2020-10-21 08:35:44,877 - CPUUtilization.Percent:0.0|#Level:Host|#hostname:ip-172-31-42-157,timestamp:1603269344
2020-10-21 08:35:44,877 - DiskAvailable.Gigabytes:19.698551177978516|#Level:Host|#hostname:ip-172-31-42-157,timestamp:1603269344
2020-10-21 08:35:44,877 - DiskUsage.Gigabytes:77.16366577148438|#Level:Host|#hostname:ip-172-31-42-157,timestamp:1603269344
2020-10-21 08:35:44,878 - DiskUtilization.Percent:79.7|#Level:Host|#hostname:ip-172-31-42-157,timestamp:1603269344
2020-10-21 08:35:44,878 - MemoryAvailable.Megabytes:29238.296875|#Level:Host|#hostname:ip-172-31-42-157,timestamp:1603269344
2020-10-21 08:35:44,878 - MemoryUsed.Megabytes:2070.69140625|#Level:Host|#hostname:ip-172-31-42-157,timestamp:1603269344
2020-10-21 08:35:44,878 - MemoryUtilization.Percent:7.9|#Level:Host|#hostname:ip-172-31-42-157,timestamp:1603269344
2020-10-21 08:36:44,875 - CPUUtilization.Percent:0.0|#Level:Host|#hostname:ip-172-31-42-157,timestamp:1603269404
2020-10-21 08:36:44,876 - DiskAvailable.Gigabytes:19.698551177978516|#Level:Host|#hostname:ip-172-31-42-157,timestamp:1603269404
2020-10-21 08:36:44,876 - DiskUsage.Gigabytes:77.16366577148438|#Level:Host|#hostname:ip-172-31-42-157,timestamp:1603269404
2020-10-21 08:36:44,876 - DiskUtilization.Percent:79.7|#Level:Host|#hostname:ip-172-31-42-157,timestamp:1603269404
2020-10-21 08:36:44,876 - MemoryAvailable.Megabytes:29239.296875|#Level:Host|#hostname:ip-172-31-42-157,timestamp:1603269404
2020-10-21 08:36:44,876 - MemoryUsed.Megabytes:2069.69140625|#Level:Host|#hostname:ip-172-31-42-157,timestamp:1603269404
2020-10-21 08:36:44,876 - MemoryUtilization.Percent:7.9|#Level:Host|#hostname:ip-172-31-42-157,timestamp:1603269404
2020-10-21 08:37:44,875 - CPUUtilization.Percent:0.0|#Level:Host|#hostname:ip-172-31-42-157,timestamp:1603269464
2020-10-21 08:37:44,875 - DiskAvailable.Gigabytes:19.698551177978516|#Level:Host|#hostname:ip-172-31-42-157,timestamp:1603269464
2020-10-21 08:37:44,875 - DiskUsage.Gigabytes:77.16366577148438|#Level:Host|#hostname:ip-172-31-42-157,timestamp:1603269464
2020-10-21 08:37:44,875 - DiskUtilization.Percent:79.7|#Level:Host|#hostname:ip-172-31-42-157,timestamp:1603269464
2020-10-21 08:37:44,876 - MemoryAvailable.Megabytes:29239.5390625|#Level:Host|#hostname:ip-172-31-42-157,timestamp:1603269464
2020-10-21 08:37:44,876 - MemoryUsed.Megabytes:2069.4453125|#Level:Host|#hostname:ip-172-31-42-157,timestamp:1603269464
2020-10-21 08:37:44,876 - MemoryUtilization.Percent:7.9|#Level:Host|#hostname:ip-172-31-42-157,timestamp:1603269464
2020-10-21 08:38:44,875 - CPUUtilization.Percent:0.0|#Level:Host|#hostname:ip-172-31-42-157,timestamp:1603269524
2020-10-21 08:38:44,875 - DiskAvailable.Gigabytes:19.69854736328125|#Level:Host|#hostname:ip-172-31-42-157,timestamp:1603269524
2020-10-21 08:38:44,875 - DiskUsage.Gigabytes:77.16366958618164|#Level:Host|#hostname:ip-172-31-42-157,timestamp:1603269524
2020-10-21 08:38:44,876 - DiskUtilization.Percent:79.7|#Level:Host|#hostname:ip-172-31-42-157,timestamp:1603269524
2020-10-21 08:38:44,876 - MemoryAvailable.Megabytes:29238.0390625|#Level:Host|#hostname:ip-172-31-42-157,timestamp:1603269524
2020-10-21 08:38:44,876 - MemoryUsed.Megabytes:2070.94921875|#Level:Host|#hostname:ip-172-31-42-157,timestamp:1603269524
2020-10-21 08:38:44,876 - MemoryUtilization.Percent:7.9|#Level:Host|#hostname:ip-172-31-42-157,timestamp:1603269524
2020-10-21 08:39:44,875 - CPUUtilization.Percent:0.0|#Level:Host|#hostname:ip-172-31-42-157,timestamp:1603269584
2020-10-21 08:39:44,875 - DiskAvailable.Gigabytes:19.658843994140625|#Level:Host|#hostname:ip-172-31-42-157,timestamp:1603269584
2020-10-21 08:39:44,875 - DiskUsage.Gigabytes:77.20337295532227|#Level:Host|#hostname:ip-172-31-42-157,timestamp:1603269584
2020-10-21 08:39:44,875 - DiskUtilization.Percent:79.7|#Level:Host|#hostname:ip-172-31-42-157,timestamp:1603269584
2020-10-21 08:39:44,876 - MemoryAvailable.Megabytes:29172.67578125|#Level:Host|#hostname:ip-172-31-42-157,timestamp:1603269584
2020-10-21 08:39:44,876 - MemoryUsed.Megabytes:2136.3125|#Level:Host|#hostname:ip-172-31-42-157,timestamp:1603269584
2020-10-21 08:39:44,876 - MemoryUtilization.Percent:8.1|#Level:Host|#hostname:ip-172-31-42-157,timestamp:1603269584
